<html>
<body>
<pre>
<h1>Build Log</h1>
<h3>
--------------------Configuration: 1.13 - Win32 Debug--------------------
</h3>
<h3>Command Lines</h3>
Creating temporary file "C:\Users\万以松\AppData\Local\Temp\RSPDBFA.tmp" with contents
[
/nologo /MLd /W3 /Gm /GX /ZI /Od /D "WIN32" /D "_DEBUG" /D "_CONSOLE" /D "_MBCS" /Fp"Debug/1.13.pch" /YX /Fo"Debug/" /Fd"Debug/" /FD /GZ /c 
"D:\万以松\2017.04.10\1.13.c"
]
Creating command line "cl.exe @"C:\Users\万以松\AppData\Local\Temp\RSPDBFA.tmp"" 
Creating temporary file "C:\Users\万以松\AppData\Local\Temp\RSPDBFB.tmp" with contents
[
kernel32.lib user32.lib gdi32.lib winspool.lib comdlg32.lib advapi32.lib shell32.lib ole32.lib oleaut32.lib uuid.lib odbc32.lib odbccp32.lib /nologo /subsystem:console /incremental:yes /pdb:"Debug/1.13.pdb" /debug /machine:I386 /out:"Debug/1.13.exe" /pdbtype:sept 
".\Debug\1.13.obj"
".\Debug\1.13.1.obj"
]
Creating command line "link.exe @"C:\Users\万以松\AppData\Local\Temp\RSPDBFB.tmp""
<h3>Output Window</h3>
Compiling...
1.13.c
Linking...
1.13.1.obj : error LNK2005: _main already defined in 1.13.obj
Debug/1.13.exe : fatal error LNK1169: one or more multiply defined symbols found
Error executing link.exe.



<h3>Results</h3>
1.13.exe - 2 error(s), 0 warning(s)
</pre>
</body>
</html>
